-------------------------------------------------------------------------------
Test set: runners.TestRunner
-------------------------------------------------------------------------------
Tests run: 1, Failures: 0, Errors: 1, Skipped: 0, Time elapsed: 0.324 s <<< FAILURE! -- in runners.TestRunner
runners.TestRunner.initializationError -- Time elapsed: 0.013 s <<< ERROR!
io.cucumber.core.gherkin.FeatureParserException: 
Failed to parse resource at: file:///C:/Users/siddh/eclipse-workspace/amazon-bdd-framework/src/test/resources/features/SauceDemoLogin.feature
(1:1): expected: #EOF, #Language, #TagLine, #FeatureLine, #Comment, #Empty, got 'Feature : check the sauce demo feature'
(3:1): expected: #EOF, #Language, #TagLine, #FeatureLine, #Comment, #Empty, got 'Scenario : Validate the sauce login with valid Credentiles'
(5:1): expected: #EOF, #Language, #TagLine, #FeatureLine, #Comment, #Empty, got 'Given User is on sauce demo login page'
(6:1): expected: #EOF, #Language, #TagLine, #FeatureLine, #Comment, #Empty, got 'When User enters valid username and password'
(7:1): expected: #EOF, #Language, #TagLine, #FeatureLine, #Comment, #Empty, got 'And User hits login button'
(8:1): expected: #EOF, #Language, #TagLine, #FeatureLine, #Comment, #Empty, got 'Then  User is navigated to the home page'
	at io.cucumber.core.gherkin.messages.GherkinMessagesFeatureParser.parse(GherkinMessagesFeatureParser.java:56)
	at io.cucumber.core.feature.FeatureParser.parseResource(FeatureParser.java:46)
	at java.base/java.util.function.BiFunction.lambda$andThen$0(BiFunction.java:70)
	at io.cucumber.core.resource.ResourceScanner.lambda$processResource$1(ResourceScanner.java:79)
	at io.cucumber.core.resource.PathScanner$ResourceFileVisitor.visitFile(PathScanner.java:75)
	at io.cucumber.core.resource.PathScanner$ResourceFileVisitor.visitFile(PathScanner.java:60)
	at java.base/java.nio.file.Files.walkFileTree(Files.java:2810)
	at io.cucumber.core.resource.PathScanner.findResourcesForPath(PathScanner.java:53)
	at io.cucumber.core.resource.PathScanner.findResourcesForUri(PathScanner.java:31)
	at io.cucumber.core.resource.ResourceScanner.findResourcesForUri(ResourceScanner.java:61)
	at io.cucumber.core.resource.ResourceScanner.scanForResourcesUri(ResourceScanner.java:134)
	at io.cucumber.core.runtime.FeaturePathFeatureSupplier.loadFeatures(FeaturePathFeatureSupplier.java:62)
	at io.cucumber.core.runtime.FeaturePathFeatureSupplier.get(FeaturePathFeatureSupplier.java:45)
	at io.cucumber.junit.Cucumber.<init>(Cucumber.java:156)
	at java.base/jdk.internal.reflect.DirectConstructorHandleAccessor.newInstance(DirectConstructorHandleAccessor.java:62)
	at java.base/java.lang.reflect.Constructor.newInstanceWithCaller(Constructor.java:501)
	at java.base/java.lang.reflect.Constructor.newInstance(Constructor.java:485)
	at org.junit.internal.builders.AnnotatedBuilder.buildRunner(AnnotatedBuilder.java:104)
	at org.junit.internal.builders.AnnotatedBuilder.runnerForClass(AnnotatedBuilder.java:86)
	at org.junit.runners.model.RunnerBuilder.safeRunnerForClass(RunnerBuilder.java:70)
	at org.junit.internal.builders.AllDefaultPossibilitiesBuilder.runnerForClass(AllDefaultPossibilitiesBuilder.java:37)
	at org.junit.runners.model.RunnerBuilder.safeRunnerForClass(RunnerBuilder.java:70)
	at org.junit.internal.requests.ClassRequest.createRunner(ClassRequest.java:28)
	at org.junit.internal.requests.MemoizingRequest.getRunner(MemoizingRequest.java:19)
	at org.apache.maven.surefire.junit4.JUnit4Provider.execute(JUnit4Provider.java:314)
	at org.apache.maven.surefire.junit4.JUnit4Provider.executeWithRerun(JUnit4Provider.java:240)
	at org.apache.maven.surefire.junit4.JUnit4Provider.executeTestSet(JUnit4Provider.java:214)
	at org.apache.maven.surefire.junit4.JUnit4Provider.invoke(JUnit4Provider.java:155)
	at org.apache.maven.surefire.booter.ForkedBooter.runSuitesInProcess(ForkedBooter.java:385)
	at org.apache.maven.surefire.booter.ForkedBooter.execute(ForkedBooter.java:162)
	at org.apache.maven.surefire.booter.ForkedBooter.run(ForkedBooter.java:507)
	at org.apache.maven.surefire.booter.ForkedBooter.main(ForkedBooter.java:495)

